#! /c/Source/iverilog-install/bin/vvp
:ivl_version "12.0 (devel)" "(s20150603-1539-g2693dd32b)";
:ivl_delay_selection "TYPICAL";
:vpi_time_precision - 12;
:vpi_module "C:\iverilog\lib\ivl\system.vpi";
:vpi_module "C:\iverilog\lib\ivl\vhdl_sys.vpi";
:vpi_module "C:\iverilog\lib\ivl\vhdl_textio.vpi";
:vpi_module "C:\iverilog\lib\ivl\v2005_math.vpi";
:vpi_module "C:\iverilog\lib\ivl\va_math.vpi";
S_000001a9ecfdba60 .scope module, "tb_vending_mealy" "tb_vending_mealy" 2 3;
 .timescale -9 -12;
v000001a9ed02a570_0 .net "chg5", 0 0, v000001a9ecfdb1b0_0;  1 drivers
v000001a9ed02a610_0 .var "clk", 0 0;
v000001a9ed023290_0 .var "coin", 1 0;
v000001a9ed023330_0 .net "dispense", 0 0, v000001a9ecff2ed0_0;  1 drivers
v000001a9ed0233d0_0 .var "rst", 0 0;
S_000001a9ecfdbbf0 .scope module, "dut" "vending_mealy" 2 10, 3 3 0, S_000001a9ecfdba60;
 .timescale -9 -12;
    .port_info 0 /INPUT 1 "clk";
    .port_info 1 /INPUT 1 "rst";
    .port_info 2 /INPUT 2 "coin";
    .port_info 3 /OUTPUT 1 "dispense";
    .port_info 4 /OUTPUT 1 "chg5";
P_000001a9ed02a250 .param/l "S0" 1 3 12, C4<00>;
P_000001a9ed02a288 .param/l "S10" 1 3 14, C4<10>;
P_000001a9ed02a2c0 .param/l "S15" 1 3 15, C4<11>;
P_000001a9ed02a2f8 .param/l "S5" 1 3 13, C4<01>;
v000001a9ecfdb1b0_0 .var "chg5", 0 0;
v000001a9ecfdb660_0 .net "clk", 0 0, v000001a9ed02a610_0;  1 drivers
v000001a9ecfdb070_0 .net "coin", 1 0, v000001a9ed023290_0;  1 drivers
v000001a9ecff2ed0_0 .var "dispense", 0 0;
v000001a9ecff30f0_0 .var "next_state", 1 0;
v000001a9ecff2c30_0 .net "rst", 0 0, v000001a9ed0233d0_0;  1 drivers
v000001a9ed02a340_0 .var "state", 1 0;
E_000001a9ecfd89a0 .event posedge, v000001a9ecfdb660_0;
E_000001a9ecfd8b20 .event anyedge, v000001a9ed02a340_0, v000001a9ecfdb070_0;
S_000001a9ed02a3e0 .scope task, "put10" "put10" 2 63, 2 63 0, S_000001a9ecfdba60;
 .timescale -9 -12;
E_000001a9ecfd8b60 .event negedge, v000001a9ecfdb660_0;
TD_tb_vending_mealy.put10 ;
    %wait E_000001a9ecfd8b60;
    %pushi/vec4 2, 0, 2;
    %store/vec4 v000001a9ed023290_0, 0, 2;
    %wait E_000001a9ecfd8b60;
    %pushi/vec4 0, 0, 2;
    %store/vec4 v000001a9ed023290_0, 0, 2;
    %end;
S_000001a9ed023100 .scope task, "put5" "put5" 2 54, 2 54 0, S_000001a9ecfdba60;
 .timescale -9 -12;
TD_tb_vending_mealy.put5 ;
    %wait E_000001a9ecfd8b60;
    %pushi/vec4 1, 0, 2;
    %store/vec4 v000001a9ed023290_0, 0, 2;
    %wait E_000001a9ecfd8b60;
    %pushi/vec4 0, 0, 2;
    %store/vec4 v000001a9ed023290_0, 0, 2;
    %end;
    .scope S_000001a9ecfdbbf0;
T_2 ;
    %wait E_000001a9ecfd8b20;
    %load/vec4 v000001a9ed02a340_0;
    %store/vec4 v000001a9ecff30f0_0, 0, 2;
    %pushi/vec4 0, 0, 1;
    %store/vec4 v000001a9ecff2ed0_0, 0, 1;
    %pushi/vec4 0, 0, 1;
    %store/vec4 v000001a9ecfdb1b0_0, 0, 1;
    %load/vec4 v000001a9ed02a340_0;
    %dup/vec4;
    %pushi/vec4 0, 0, 2;
    %cmp/u;
    %jmp/1 T_2.0, 6;
    %dup/vec4;
    %pushi/vec4 1, 0, 2;
    %cmp/u;
    %jmp/1 T_2.1, 6;
    %dup/vec4;
    %pushi/vec4 2, 0, 2;
    %cmp/u;
    %jmp/1 T_2.2, 6;
    %dup/vec4;
    %pushi/vec4 3, 0, 2;
    %cmp/u;
    %jmp/1 T_2.3, 6;
    %jmp T_2.4;
T_2.0 ;
    %load/vec4 v000001a9ecfdb070_0;
    %cmpi/e 1, 0, 2;
    %jmp/0xz  T_2.5, 4;
    %pushi/vec4 1, 0, 2;
    %store/vec4 v000001a9ecff30f0_0, 0, 2;
    %jmp T_2.6;
T_2.5 ;
    %load/vec4 v000001a9ecfdb070_0;
    %cmpi/e 2, 0, 2;
    %jmp/0xz  T_2.7, 4;
    %pushi/vec4 2, 0, 2;
    %store/vec4 v000001a9ecff30f0_0, 0, 2;
T_2.7 ;
T_2.6 ;
    %jmp T_2.4;
T_2.1 ;
    %load/vec4 v000001a9ecfdb070_0;
    %cmpi/e 1, 0, 2;
    %jmp/0xz  T_2.9, 4;
    %pushi/vec4 2, 0, 2;
    %store/vec4 v000001a9ecff30f0_0, 0, 2;
    %jmp T_2.10;
T_2.9 ;
    %load/vec4 v000001a9ecfdb070_0;
    %cmpi/e 2, 0, 2;
    %jmp/0xz  T_2.11, 4;
    %pushi/vec4 3, 0, 2;
    %store/vec4 v000001a9ecff30f0_0, 0, 2;
T_2.11 ;
T_2.10 ;
    %jmp T_2.4;
T_2.2 ;
    %load/vec4 v000001a9ecfdb070_0;
    %cmpi/e 1, 0, 2;
    %jmp/0xz  T_2.13, 4;
    %pushi/vec4 3, 0, 2;
    %store/vec4 v000001a9ecff30f0_0, 0, 2;
    %jmp T_2.14;
T_2.13 ;
    %load/vec4 v000001a9ecfdb070_0;
    %cmpi/e 2, 0, 2;
    %jmp/0xz  T_2.15, 4;
    %pushi/vec4 1, 0, 1;
    %store/vec4 v000001a9ecff2ed0_0, 0, 1;
    %pushi/vec4 0, 0, 2;
    %store/vec4 v000001a9ecff30f0_0, 0, 2;
T_2.15 ;
T_2.14 ;
    %jmp T_2.4;
T_2.3 ;
    %load/vec4 v000001a9ecfdb070_0;
    %cmpi/e 1, 0, 2;
    %jmp/0xz  T_2.17, 4;
    %pushi/vec4 1, 0, 1;
    %store/vec4 v000001a9ecff2ed0_0, 0, 1;
    %pushi/vec4 0, 0, 2;
    %store/vec4 v000001a9ecff30f0_0, 0, 2;
    %jmp T_2.18;
T_2.17 ;
    %load/vec4 v000001a9ecfdb070_0;
    %cmpi/e 2, 0, 2;
    %jmp/0xz  T_2.19, 4;
    %pushi/vec4 1, 0, 1;
    %store/vec4 v000001a9ecff2ed0_0, 0, 1;
    %pushi/vec4 1, 0, 1;
    %store/vec4 v000001a9ecfdb1b0_0, 0, 1;
    %pushi/vec4 0, 0, 2;
    %store/vec4 v000001a9ecff30f0_0, 0, 2;
T_2.19 ;
T_2.18 ;
    %jmp T_2.4;
T_2.4 ;
    %pop/vec4 1;
    %jmp T_2;
    .thread T_2, $push;
    .scope S_000001a9ecfdbbf0;
T_3 ;
    %wait E_000001a9ecfd89a0;
    %load/vec4 v000001a9ecff2c30_0;
    %flag_set/vec4 8;
    %jmp/0xz  T_3.0, 8;
    %pushi/vec4 0, 0, 2;
    %assign/vec4 v000001a9ed02a340_0, 0;
    %jmp T_3.1;
T_3.0 ;
    %load/vec4 v000001a9ecff30f0_0;
    %assign/vec4 v000001a9ed02a340_0, 0;
T_3.1 ;
    %jmp T_3;
    .thread T_3;
    .scope S_000001a9ecfdba60;
T_4 ;
    %pushi/vec4 0, 0, 1;
    %store/vec4 v000001a9ed02a610_0, 0, 1;
T_4.0 ;
    %delay 5000, 0;
    %load/vec4 v000001a9ed02a610_0;
    %inv;
    %store/vec4 v000001a9ed02a610_0, 0, 1;
    %jmp T_4.0;
    %end;
    .thread T_4;
    .scope S_000001a9ecfdba60;
T_5 ;
    %vpi_call 2 27 "$dumpfile", "dump.vcd" {0 0 0};
    %vpi_call 2 28 "$dumpvars", 32'sb00000000000000000000000000000000, S_000001a9ecfdba60 {0 0 0};
    %pushi/vec4 1, 0, 1;
    %store/vec4 v000001a9ed0233d0_0, 0, 1;
    %pushi/vec4 0, 0, 2;
    %store/vec4 v000001a9ed023290_0, 0, 2;
    %delay 12000, 0;
    %pushi/vec4 0, 0, 1;
    %store/vec4 v000001a9ed0233d0_0, 0, 1;
    %fork TD_tb_vending_mealy.put10, S_000001a9ed02a3e0;
    %join;
    %fork TD_tb_vending_mealy.put10, S_000001a9ed02a3e0;
    %join;
    %fork TD_tb_vending_mealy.put5, S_000001a9ed023100;
    %join;
    %fork TD_tb_vending_mealy.put5, S_000001a9ed023100;
    %join;
    %fork TD_tb_vending_mealy.put10, S_000001a9ed02a3e0;
    %join;
    %fork TD_tb_vending_mealy.put10, S_000001a9ed02a3e0;
    %join;
    %fork TD_tb_vending_mealy.put5, S_000001a9ed023100;
    %join;
    %fork TD_tb_vending_mealy.put10, S_000001a9ed02a3e0;
    %join;
    %delay 50000, 0;
    %vpi_call 2 50 "$finish" {0 0 0};
    %end;
    .thread T_5;
# The file index is used to find the file name in the following table.
:file_names 4;
    "N/A";
    "<interactive>";
    "tb_vending_mealy.v";
    "vending_mealy.v";
