#! /c/Source/iverilog-install/bin/vvp
:ivl_version "12.0 (devel)" "(s20150603-1539-g2693dd32b)";
:ivl_delay_selection "TYPICAL";
:vpi_time_precision - 12;
:vpi_module "C:\iverilog\lib\ivl\system.vpi";
:vpi_module "C:\iverilog\lib\ivl\vhdl_sys.vpi";
:vpi_module "C:\iverilog\lib\ivl\vhdl_textio.vpi";
:vpi_module "C:\iverilog\lib\ivl\v2005_math.vpi";
:vpi_module "C:\iverilog\lib\ivl\va_math.vpi";
S_000001e998c10ce0 .scope module, "tb_link_top" "tb_link_top" 2 2;
 .timescale -9 -12;
L_000001e998c26c20 .functor BUFZ 1, v000001e998c14700_0, C4<0>, C4<0>, C4<0>;
L_000001e998c26d00 .functor BUFZ 1, v000001e998be2850_0, C4<0>, C4<0>, C4<0>;
L_000001e998c26d70 .functor BUFZ 8, v000001e998c11000_0, C4<00000000>, C4<00000000>, C4<00000000>;
L_000001e998c267c0 .functor BUFZ 8, v000001e998c801d0_0, C4<00000000>, C4<00000000>, C4<00000000>;
v000001e998c7fa50_0 .net "ack", 0 0, L_000001e998c26d00;  1 drivers
v000001e998c803b0_0 .var "clk", 0 0;
v000001e998c804f0_0 .net "data", 7 0, L_000001e998c26d70;  1 drivers
v000001e998c7fc30_0 .net "done", 0 0, v000001e998c251e0_0;  1 drivers
v000001e998c80310_0 .net "last", 7 0, L_000001e998c267c0;  1 drivers
v000001e998c7fcd0_0 .net "req", 0 0, L_000001e998c26c20;  1 drivers
v000001e998c7feb0_0 .var "rst", 0 0;
E_000001e998c0dff0 .event anyedge, v000001e998c251e0_0;
S_000001e998c10e70 .scope module, "dut" "link_top" 2 8, 3 1 0, S_000001e998c10ce0;
 .timescale -9 -12;
    .port_info 0 /INPUT 1 "clk";
    .port_info 1 /INPUT 1 "rst";
    .port_info 2 /OUTPUT 1 "done";
v000001e998c80450_0 .net "ack", 0 0, v000001e998be2850_0;  1 drivers
v000001e998c7fe10_0 .net "clk", 0 0, v000001e998c803b0_0;  1 drivers
v000001e998c7fb90_0 .net "data_bus", 7 0, v000001e998c11000_0;  1 drivers
v000001e998c80810_0 .net "done", 0 0, v000001e998c251e0_0;  alias, 1 drivers
v000001e998c7f910_0 .net "last_byte", 7 0, v000001e998c801d0_0;  1 drivers
v000001e998c7ff50_0 .net "req", 0 0, v000001e998c14700_0;  1 drivers
v000001e998c80270_0 .net "rst", 0 0, v000001e998c7feb0_0;  1 drivers
S_000001e998c24ef0 .scope module, "u_master" "master_fsm" 3 10, 4 2 0, S_000001e998c10e70;
 .timescale -9 -12;
    .port_info 0 /INPUT 1 "clk";
    .port_info 1 /INPUT 1 "rst";
    .port_info 2 /INPUT 1 "ack";
    .port_info 3 /OUTPUT 1 "req";
    .port_info 4 /OUTPUT 8 "data";
    .port_info 5 /OUTPUT 1 "done";
P_000001e998c25080 .param/l "S_DONE_PULSE" 0 4 17, C4<101>;
P_000001e998c250b8 .param/l "S_DRIVE" 0 4 13, C4<001>;
P_000001e998c250f0 .param/l "S_DROP_REQ" 0 4 15, C4<011>;
P_000001e998c25128 .param/l "S_IDLE" 0 4 12, C4<000>;
P_000001e998c25160 .param/l "S_WAIT_ACK" 0 4 14, C4<010>;
P_000001e998c25198 .param/l "S_WAIT_ACK0" 0 4 16, C4<100>;
v000001e998c0f0c0_0 .net "ack", 0 0, v000001e998be2850_0;  alias, 1 drivers
v000001e998bcbbb0_0 .net "clk", 0 0, v000001e998c803b0_0;  alias, 1 drivers
v000001e998c11000_0 .var "data", 7 0;
v000001e998c251e0_0 .var "done", 0 0;
v000001e998c25280_0 .var "idx", 1 0;
v000001e998c14660_0 .var "nstate", 2 0;
v000001e998c14700_0 .var "req", 0 0;
v000001e998bce2f0 .array "rom", 3 0, 7 0;
v000001e998bce390_0 .net "rst", 0 0, v000001e998c7feb0_0;  alias, 1 drivers
v000001e998bce430_0 .var "state", 2 0;
E_000001e998c0deb0 .event posedge, v000001e998bcbbb0_0;
E_000001e998c0e0f0 .event anyedge, v000001e998bce430_0, v000001e998c0f0c0_0, v000001e998c25280_0;
S_000001e998bce4d0 .scope module, "u_slave" "slave_fsm" 3 18, 5 2 0, S_000001e998c10e70;
 .timescale -9 -12;
    .port_info 0 /INPUT 1 "clk";
    .port_info 1 /INPUT 1 "rst";
    .port_info 2 /INPUT 1 "req";
    .port_info 3 /INPUT 8 "data_in";
    .port_info 4 /OUTPUT 1 "ack";
    .port_info 5 /OUTPUT 8 "last_byte";
P_000001e998bce660 .param/l "W_ASSERT" 0 5 13, C4<01>;
P_000001e998bce698 .param/l "W_DROP" 0 5 15, C4<11>;
P_000001e998bce6d0 .param/l "W_HOLD" 0 5 14, C4<10>;
P_000001e998bce708 .param/l "W_WAIT_REQ" 0 5 12, C4<00>;
v000001e998be2850_0 .var "ack", 0 0;
v000001e998be28f0_0 .net "clk", 0 0, v000001e998c803b0_0;  alias, 1 drivers
v000001e998be2990_0 .net "data_in", 7 0, v000001e998c11000_0;  alias, 1 drivers
v000001e998c80590_0 .var "hold_cnt", 1 0;
v000001e998c801d0_0 .var "last_byte", 7 0;
v000001e998c806d0_0 .var "nstate", 1 0;
v000001e998c80770_0 .net "req", 0 0, v000001e998c14700_0;  alias, 1 drivers
v000001e998c7f9b0_0 .net "rst", 0 0, v000001e998c7feb0_0;  alias, 1 drivers
v000001e998c7faf0_0 .var "state", 1 0;
E_000001e998c0d970 .event anyedge, v000001e998c7faf0_0, v000001e998c14700_0, v000001e998c80590_0;
    .scope S_000001e998c24ef0;
T_0 ;
    %pushi/vec4 160, 0, 8;
    %ix/load 4, 0, 0;
    %flag_set/imm 4, 0;
    %store/vec4a v000001e998bce2f0, 4, 0;
    %pushi/vec4 161, 0, 8;
    %ix/load 4, 1, 0;
    %flag_set/imm 4, 0;
    %store/vec4a v000001e998bce2f0, 4, 0;
    %pushi/vec4 162, 0, 8;
    %ix/load 4, 2, 0;
    %flag_set/imm 4, 0;
    %store/vec4a v000001e998bce2f0, 4, 0;
    %pushi/vec4 163, 0, 8;
    %ix/load 4, 3, 0;
    %flag_set/imm 4, 0;
    %store/vec4a v000001e998bce2f0, 4, 0;
    %end;
    .thread T_0;
    .scope S_000001e998c24ef0;
T_1 ;
    %wait E_000001e998c0deb0;
    %load/vec4 v000001e998bce390_0;
    %flag_set/vec4 8;
    %jmp/0xz  T_1.0, 8;
    %pushi/vec4 0, 0, 3;
    %assign/vec4 v000001e998bce430_0, 0;
    %pushi/vec4 0, 0, 2;
    %assign/vec4 v000001e998c25280_0, 0;
    %pushi/vec4 0, 0, 8;
    %assign/vec4 v000001e998c11000_0, 0;
    %pushi/vec4 0, 0, 1;
    %assign/vec4 v000001e998c14700_0, 0;
    %pushi/vec4 0, 0, 1;
    %assign/vec4 v000001e998c251e0_0, 0;
    %jmp T_1.1;
T_1.0 ;
    %load/vec4 v000001e998c14660_0;
    %assign/vec4 v000001e998bce430_0, 0;
    %load/vec4 v000001e998c14660_0;
    %cmpi/ne 5, 0, 3;
    %jmp/0xz  T_1.2, 4;
    %pushi/vec4 0, 0, 1;
    %assign/vec4 v000001e998c251e0_0, 0;
T_1.2 ;
    %load/vec4 v000001e998bce430_0;
    %dup/vec4;
    %pushi/vec4 0, 0, 3;
    %cmp/u;
    %jmp/1 T_1.4, 6;
    %dup/vec4;
    %pushi/vec4 1, 0, 3;
    %cmp/u;
    %jmp/1 T_1.5, 6;
    %dup/vec4;
    %pushi/vec4 2, 0, 3;
    %cmp/u;
    %jmp/1 T_1.6, 6;
    %dup/vec4;
    %pushi/vec4 3, 0, 3;
    %cmp/u;
    %jmp/1 T_1.7, 6;
    %dup/vec4;
    %pushi/vec4 4, 0, 3;
    %cmp/u;
    %jmp/1 T_1.8, 6;
    %dup/vec4;
    %pushi/vec4 5, 0, 3;
    %cmp/u;
    %jmp/1 T_1.9, 6;
    %jmp T_1.10;
T_1.4 ;
    %pushi/vec4 0, 0, 1;
    %assign/vec4 v000001e998c14700_0, 0;
    %jmp T_1.10;
T_1.5 ;
    %load/vec4 v000001e998c25280_0;
    %pad/u 4;
    %ix/vec4 4;
    %load/vec4a v000001e998bce2f0, 4;
    %assign/vec4 v000001e998c11000_0, 0;
    %pushi/vec4 1, 0, 1;
    %assign/vec4 v000001e998c14700_0, 0;
    %jmp T_1.10;
T_1.6 ;
    %pushi/vec4 1, 0, 1;
    %assign/vec4 v000001e998c14700_0, 0;
    %jmp T_1.10;
T_1.7 ;
    %pushi/vec4 0, 0, 1;
    %assign/vec4 v000001e998c14700_0, 0;
    %jmp T_1.10;
T_1.8 ;
    %pushi/vec4 0, 0, 1;
    %assign/vec4 v000001e998c14700_0, 0;
    %jmp T_1.10;
T_1.9 ;
    %pushi/vec4 1, 0, 1;
    %assign/vec4 v000001e998c251e0_0, 0;
    %pushi/vec4 0, 0, 1;
    %assign/vec4 v000001e998c14700_0, 0;
    %jmp T_1.10;
T_1.10 ;
    %pop/vec4 1;
T_1.1 ;
    %jmp T_1;
    .thread T_1;
    .scope S_000001e998c24ef0;
T_2 ;
    %wait E_000001e998c0e0f0;
    %load/vec4 v000001e998bce430_0;
    %store/vec4 v000001e998c14660_0, 0, 3;
    %load/vec4 v000001e998bce430_0;
    %dup/vec4;
    %pushi/vec4 0, 0, 3;
    %cmp/u;
    %jmp/1 T_2.0, 6;
    %dup/vec4;
    %pushi/vec4 1, 0, 3;
    %cmp/u;
    %jmp/1 T_2.1, 6;
    %dup/vec4;
    %pushi/vec4 2, 0, 3;
    %cmp/u;
    %jmp/1 T_2.2, 6;
    %dup/vec4;
    %pushi/vec4 3, 0, 3;
    %cmp/u;
    %jmp/1 T_2.3, 6;
    %dup/vec4;
    %pushi/vec4 4, 0, 3;
    %cmp/u;
    %jmp/1 T_2.4, 6;
    %dup/vec4;
    %pushi/vec4 5, 0, 3;
    %cmp/u;
    %jmp/1 T_2.5, 6;
    %jmp T_2.6;
T_2.0 ;
    %pushi/vec4 1, 0, 3;
    %store/vec4 v000001e998c14660_0, 0, 3;
    %jmp T_2.6;
T_2.1 ;
    %pushi/vec4 2, 0, 3;
    %store/vec4 v000001e998c14660_0, 0, 3;
    %jmp T_2.6;
T_2.2 ;
    %load/vec4 v000001e998c0f0c0_0;
    %flag_set/vec4 8;
    %jmp/0xz  T_2.7, 8;
    %pushi/vec4 3, 0, 3;
    %store/vec4 v000001e998c14660_0, 0, 3;
T_2.7 ;
    %jmp T_2.6;
T_2.3 ;
    %pushi/vec4 4, 0, 3;
    %store/vec4 v000001e998c14660_0, 0, 3;
    %jmp T_2.6;
T_2.4 ;
    %load/vec4 v000001e998c0f0c0_0;
    %nor/r;
    %flag_set/vec4 8;
    %jmp/0xz  T_2.9, 8;
    %load/vec4 v000001e998c25280_0;
    %cmpi/e 3, 0, 2;
    %jmp/0xz  T_2.11, 4;
    %pushi/vec4 5, 0, 3;
    %store/vec4 v000001e998c14660_0, 0, 3;
    %jmp T_2.12;
T_2.11 ;
    %pushi/vec4 1, 0, 3;
    %store/vec4 v000001e998c14660_0, 0, 3;
T_2.12 ;
T_2.9 ;
    %jmp T_2.6;
T_2.5 ;
    %pushi/vec4 0, 0, 3;
    %store/vec4 v000001e998c14660_0, 0, 3;
    %jmp T_2.6;
T_2.6 ;
    %pop/vec4 1;
    %jmp T_2;
    .thread T_2, $push;
    .scope S_000001e998c24ef0;
T_3 ;
    %wait E_000001e998c0deb0;
    %load/vec4 v000001e998bce390_0;
    %flag_set/vec4 8;
    %jmp/0xz  T_3.0, 8;
    %pushi/vec4 0, 0, 2;
    %assign/vec4 v000001e998c25280_0, 0;
    %jmp T_3.1;
T_3.0 ;
    %load/vec4 v000001e998bce430_0;
    %cmpi/e 4, 0, 3;
    %flag_get/vec4 4;
    %jmp/0 T_3.4, 4;
    %load/vec4 v000001e998c0f0c0_0;
    %nor/r;
    %and;
T_3.4;
    %flag_set/vec4 8;
    %jmp/0xz  T_3.2, 8;
    %load/vec4 v000001e998c25280_0;
    %cmpi/e 3, 0, 2;
    %jmp/0xz  T_3.5, 4;
    %pushi/vec4 0, 0, 2;
    %assign/vec4 v000001e998c25280_0, 0;
    %jmp T_3.6;
T_3.5 ;
    %load/vec4 v000001e998c25280_0;
    %addi 1, 0, 2;
    %assign/vec4 v000001e998c25280_0, 0;
T_3.6 ;
T_3.2 ;
T_3.1 ;
    %jmp T_3;
    .thread T_3;
    .scope S_000001e998bce4d0;
T_4 ;
    %wait E_000001e998c0deb0;
    %load/vec4 v000001e998c7f9b0_0;
    %flag_set/vec4 8;
    %jmp/0xz  T_4.0, 8;
    %pushi/vec4 0, 0, 2;
    %assign/vec4 v000001e998c7faf0_0, 0;
    %pushi/vec4 0, 0, 2;
    %assign/vec4 v000001e998c80590_0, 0;
    %pushi/vec4 0, 0, 1;
    %assign/vec4 v000001e998be2850_0, 0;
    %pushi/vec4 0, 0, 8;
    %assign/vec4 v000001e998c801d0_0, 0;
    %jmp T_4.1;
T_4.0 ;
    %load/vec4 v000001e998c806d0_0;
    %assign/vec4 v000001e998c7faf0_0, 0;
    %load/vec4 v000001e998c7faf0_0;
    %dup/vec4;
    %pushi/vec4 0, 0, 2;
    %cmp/u;
    %jmp/1 T_4.2, 6;
    %dup/vec4;
    %pushi/vec4 1, 0, 2;
    %cmp/u;
    %jmp/1 T_4.3, 6;
    %dup/vec4;
    %pushi/vec4 2, 0, 2;
    %cmp/u;
    %jmp/1 T_4.4, 6;
    %dup/vec4;
    %pushi/vec4 3, 0, 2;
    %cmp/u;
    %jmp/1 T_4.5, 6;
    %jmp T_4.6;
T_4.2 ;
    %pushi/vec4 0, 0, 1;
    %assign/vec4 v000001e998be2850_0, 0;
    %load/vec4 v000001e998c80770_0;
    %flag_set/vec4 8;
    %jmp/0xz  T_4.7, 8;
    %load/vec4 v000001e998be2990_0;
    %assign/vec4 v000001e998c801d0_0, 0;
    %pushi/vec4 1, 0, 1;
    %assign/vec4 v000001e998be2850_0, 0;
    %pushi/vec4 0, 0, 2;
    %assign/vec4 v000001e998c80590_0, 0;
T_4.7 ;
    %jmp T_4.6;
T_4.3 ;
    %pushi/vec4 1, 0, 1;
    %assign/vec4 v000001e998be2850_0, 0;
    %load/vec4 v000001e998c80590_0;
    %addi 1, 0, 2;
    %assign/vec4 v000001e998c80590_0, 0;
    %jmp T_4.6;
T_4.4 ;
    %pushi/vec4 1, 0, 1;
    %assign/vec4 v000001e998be2850_0, 0;
    %jmp T_4.6;
T_4.5 ;
    %pushi/vec4 0, 0, 1;
    %assign/vec4 v000001e998be2850_0, 0;
    %jmp T_4.6;
T_4.6 ;
    %pop/vec4 1;
T_4.1 ;
    %jmp T_4;
    .thread T_4;
    .scope S_000001e998bce4d0;
T_5 ;
    %wait E_000001e998c0d970;
    %load/vec4 v000001e998c7faf0_0;
    %store/vec4 v000001e998c806d0_0, 0, 2;
    %load/vec4 v000001e998c7faf0_0;
    %dup/vec4;
    %pushi/vec4 0, 0, 2;
    %cmp/u;
    %jmp/1 T_5.0, 6;
    %dup/vec4;
    %pushi/vec4 1, 0, 2;
    %cmp/u;
    %jmp/1 T_5.1, 6;
    %dup/vec4;
    %pushi/vec4 2, 0, 2;
    %cmp/u;
    %jmp/1 T_5.2, 6;
    %dup/vec4;
    %pushi/vec4 3, 0, 2;
    %cmp/u;
    %jmp/1 T_5.3, 6;
    %jmp T_5.4;
T_5.0 ;
    %load/vec4 v000001e998c80770_0;
    %flag_set/vec4 8;
    %jmp/0xz  T_5.5, 8;
    %pushi/vec4 1, 0, 2;
    %store/vec4 v000001e998c806d0_0, 0, 2;
T_5.5 ;
    %jmp T_5.4;
T_5.1 ;
    %load/vec4 v000001e998c80590_0;
    %cmpi/e 1, 0, 2;
    %jmp/0xz  T_5.7, 4;
    %load/vec4 v000001e998c80770_0;
    %flag_set/vec4 8;
    %jmp/0 T_5.9, 8;
    %pushi/vec4 2, 0, 2;
    %jmp/1 T_5.10, 8;
T_5.9 ; End of true expr.
    %pushi/vec4 3, 0, 2;
    %jmp/0 T_5.10, 8;
 ; End of false expr.
    %blend;
T_5.10;
    %store/vec4 v000001e998c806d0_0, 0, 2;
T_5.7 ;
    %jmp T_5.4;
T_5.2 ;
    %load/vec4 v000001e998c80770_0;
    %nor/r;
    %flag_set/vec4 8;
    %jmp/0xz  T_5.11, 8;
    %pushi/vec4 3, 0, 2;
    %store/vec4 v000001e998c806d0_0, 0, 2;
T_5.11 ;
    %jmp T_5.4;
T_5.3 ;
    %pushi/vec4 0, 0, 2;
    %store/vec4 v000001e998c806d0_0, 0, 2;
    %jmp T_5.4;
T_5.4 ;
    %pop/vec4 1;
    %jmp T_5;
    .thread T_5, $push;
    .scope S_000001e998c10ce0;
T_6 ;
    %pushi/vec4 0, 0, 1;
    %store/vec4 v000001e998c803b0_0, 0, 1;
    %pushi/vec4 1, 0, 1;
    %store/vec4 v000001e998c7feb0_0, 0, 1;
    %end;
    .thread T_6;
    .scope S_000001e998c10ce0;
T_7 ;
    %delay 5000, 0;
    %load/vec4 v000001e998c803b0_0;
    %inv;
    %store/vec4 v000001e998c803b0_0, 0, 1;
    %jmp T_7;
    .thread T_7;
    .scope S_000001e998c10ce0;
T_8 ;
    %vpi_call 2 13 "$dumpfile", "dump.vcd" {0 0 0};
    %vpi_call 2 14 "$dumpvars", 32'sb00000000000000000000000000000000, S_000001e998c10ce0 {0 0 0};
    %pushi/vec4 4, 0, 32;
T_8.0 %dup/vec4;
    %pushi/vec4 0, 0, 32;
    %cmp/s;
    %jmp/1xz T_8.1, 5;
    %jmp/1 T_8.1, 4;
    %pushi/vec4 1, 0, 32;
    %sub;
    %wait E_000001e998c0deb0;
    %jmp T_8.0;
T_8.1 ;
    %pop/vec4 1;
    %pushi/vec4 0, 0, 1;
    %assign/vec4 v000001e998c7feb0_0, 0;
T_8.2 ;
    %load/vec4 v000001e998c7fc30_0;
    %pushi/vec4 1, 0, 1;
    %cmp/e;
    %flag_get/vec4 4;
    %cmpi/ne 1, 0, 1;
    %jmp/0xz T_8.3, 6;
    %wait E_000001e998c0dff0;
    %jmp T_8.2;
T_8.3 ;
    %wait E_000001e998c0deb0;
    %pushi/vec4 5, 0, 32;
T_8.4 %dup/vec4;
    %pushi/vec4 0, 0, 32;
    %cmp/s;
    %jmp/1xz T_8.5, 5;
    %jmp/1 T_8.5, 4;
    %pushi/vec4 1, 0, 32;
    %sub;
    %wait E_000001e998c0deb0;
    %jmp T_8.4;
T_8.5 ;
    %pop/vec4 1;
    %vpi_call 2 23 "$display", "DONE observed at %0t", $time {0 0 0};
    %vpi_call 2 24 "$finish" {0 0 0};
    %end;
    .thread T_8;
    .scope S_000001e998c10ce0;
T_9 ;
    %wait E_000001e998c0deb0;
    %load/vec4 v000001e998c7feb0_0;
    %nor/r;
    %flag_set/vec4 8;
    %jmp/0xz  T_9.0, 8;
    %vpi_call 2 34 "$strobe", "t=%0t req=%b ack=%b data=%h last=%h done=%b", $time, v000001e998c7fcd0_0, v000001e998c7fa50_0, v000001e998c804f0_0, v000001e998c80310_0, v000001e998c7fc30_0 {0 0 0};
T_9.0 ;
    %jmp T_9;
    .thread T_9;
# The file index is used to find the file name in the following table.
:file_names 6;
    "N/A";
    "<interactive>";
    "tb_link_top.v";
    "link_top.v";
    "master_fsm.v";
    "slave_fsm.v";
